2024-05-07 15:06:40,397 - INFO - Start to get traces...
2024-05-07 15:07:19,360 - INFO - indices shape: torch.Size([468084223])
2024-05-07 15:07:19,360 - INFO - Offsets shape:, torch.Size([56098817])
2024-05-07 15:07:19,380 - INFO - Lengths shape:, torch.Size([856, 65536])

2024-05-07 15:07:19,413 - INFO - Table ID scope (101, 201): [100, 101, 102, 103, 104, 105, 106, 107, 108, 109, 110, 111, 112, 113, 114, 115, 116, 117, 118, 119, 120, 121, 122, 123, 124, 125, 126, 127, 128, 129, 130, 131, 132, 133, 134, 135, 136, 137, 138, 139, 140, 141, 142, 143, 144, 145, 146, 147, 148, 149, 150, 151, 152, 153, 154, 155, 156, 157, 158, 159, 160, 161, 162, 163, 164, 165, 166, 167, 168, 169, 170, 171, 172, 173, 174, 175, 176, 177, 178, 179, 180, 181, 182, 183, 184, 185, 186, 187, 188, 189, 190, 191, 192, 193, 194, 195, 196, 197, 198, 199, 200]

2024-05-07 15:20:00,881 - INFO - Skiped Table ID in the given scope (101, 201): [101, 102, 104, 105, 106, 108, 109, 112, 114, 116, 119, 123, 125, 126, 129, 150, 152, 156, 158, 159, 169, 176, 177, 178, 179, 180, 182, 187, 189, 190, 194, 195, 198, 200]
2024-05-07 15:20:00,882 - INFO - Trace shape: torch.Size([81236944, 2])
2024-05-07 15:25:31,906 - INFO - Finished! Time cost: 18.86 min

2024-05-07 16:17:05,447 - INFO - Start to get traces...
2024-05-07 16:17:06,361 - INFO - indices shape: torch.Size([468084223])
2024-05-07 16:17:06,362 - INFO - Offsets shape:, torch.Size([56098817])
2024-05-07 16:17:06,477 - INFO - Lengths shape:, torch.Size([856, 65536])

2024-05-07 16:17:06,477 - INFO - Table ID scope (351, 401): [350, 351, 352, 353, 354, 355, 356, 357, 358, 359, 360, 361, 362, 363, 364, 365, 366, 367, 368, 369, 370, 371, 372, 373, 374, 375, 376, 377, 378, 379, 380, 381, 382, 383, 384, 385, 386, 387, 388, 389, 390, 391, 392, 393, 394, 395, 396, 397, 398, 399, 400]

2024-05-07 16:19:12,047 - INFO - Skiped Table ID in the given scope (351, 401): [355, 364, 369, 373, 374, 376, 377, 380, 387, 397]
2024-05-07 16:19:12,050 - INFO - Trace shape: torch.Size([14487630, 2])
2024-05-07 16:20:36,785 - INFO - Finished! Time cost: 3.52 min

2024-05-18 21:46:59,702 - INFO - Start to get traces...
2024-05-18 21:47:27,672 - INFO - indices shape: torch.Size([468084223])
2024-05-18 21:47:27,673 - INFO - Offsets shape:, torch.Size([56098817])
2024-05-18 21:47:27,673 - INFO - Lengths shape:, torch.Size([856, 65536])

2024-05-18 21:47:27,692 - INFO - Table ID scope (90, 100): [89, 90, 91, 92, 93, 94, 95, 96, 97, 98, 99]

2024-05-18 21:49:35,149 - INFO - Skiped Table ID in the given scope (90, 100): [90, 93, 94, 98, 99]
2024-05-18 21:49:35,150 - INFO - Trace shape: torch.Size([10242197, 2])
2024-05-18 21:49:43,759 - INFO - Finished! Time cost: 2.73 min

2024-05-19 01:05:01,055 - INFO - Start to get traces...
2024-05-19 01:05:01,991 - INFO - indices shape: torch.Size([468084223])
2024-05-19 01:05:01,991 - INFO - Offsets shape:, torch.Size([56098817])
2024-05-19 01:05:01,991 - INFO - Lengths shape:, torch.Size([856, 65536])

2024-05-19 01:05:01,991 - INFO - Table ID scope (801, 855): [800, 801, 802, 803, 804, 805, 806, 807, 808, 809, 810, 811, 812, 813, 814, 815, 816, 817, 818, 819, 820, 821, 822, 823, 824, 825, 826, 827, 828, 829, 830, 831, 832, 833, 834, 835, 836, 837, 838, 839, 840, 841, 842, 843, 844, 845, 846, 847, 848, 849, 850, 851, 852, 853, 854]

2024-05-19 01:06:21,886 - INFO - Skiped Table ID in the given scope (801, 855): [800, 802, 803, 805, 813, 814, 821, 822, 824, 828, 829, 830, 832, 836, 839, 841, 843, 844, 850]
2024-05-19 01:06:21,886 - INFO - Trace shape: torch.Size([6676321, 2])
2024-05-19 01:06:35,315 - INFO - Finished! Time cost: 1.57 min

2024-05-19 01:17:40,394 - INFO - Start to get traces...
2024-05-19 01:17:41,258 - INFO - indices shape: torch.Size([468084223])
2024-05-19 01:17:41,258 - INFO - Offsets shape:, torch.Size([56098817])
2024-05-19 01:17:41,258 - INFO - Lengths shape:, torch.Size([856, 65536])

2024-05-19 01:17:41,258 - INFO - Table ID scope (551, 556): [550, 551, 552, 553, 554, 555]

2024-05-19 01:17:46,087 - INFO - Skiped Table ID in the given scope (551, 556): []
2024-05-19 01:17:46,087 - INFO - Trace shape: torch.Size([393216, 2])
2024-05-19 01:17:46,912 - INFO - Finished! Time cost: 0.11 min

2024-05-19 02:48:21,612 - INFO - Start to get traces...
2024-05-19 02:48:56,466 - INFO - indices shape: torch.Size([468084223])
2024-05-19 02:48:56,467 - INFO - Offsets shape:, torch.Size([56098817])
2024-05-19 02:48:56,485 - INFO - Lengths shape:, torch.Size([856, 65536])

2024-05-19 02:48:56,485 - INFO - Table ID scope (600, 603): [599, 600, 601, 602]

2024-05-19 02:48:57,277 - INFO - Skiped Table ID in the given scope (600, 603): [600, 601, 602]
2024-05-19 02:48:57,277 - INFO - Trace shape: torch.Size([65536, 2])
2024-05-19 02:48:58,267 - INFO - Finished! Time cost: 0.61 min

2024-07-02 11:06:37,744 - INFO - Start to get traces...
2024-07-02 11:07:08,680 - INFO - indices shape: torch.Size([468084223])
2024-07-02 11:07:08,680 - INFO - Offsets shape:, torch.Size([56098817])
2024-07-02 11:07:08,680 - INFO - Lengths shape:, torch.Size([856, 65536])

2024-07-02 11:07:08,680 - INFO - Table ID scope (300, 400): [299, 300, 301, 302, 303, 304, 305, 306, 307, 308, 309, 310, 311, 312, 313, 314, 315, 316, 317, 318, 319, 320, 321, 322, 323, 324, 325, 326, 327, 328, 329, 330, 331, 332, 333, 334, 335, 336, 337, 338, 339, 340, 341, 342, 343, 344, 345, 346, 347, 348, 349, 350, 351, 352, 353, 354, 355, 356, 357, 358, 359, 360, 361, 362, 363, 364, 365, 366, 367, 368, 369, 370, 371, 372, 373, 374, 375, 376, 377, 378, 379, 380, 381, 382, 383, 384, 385, 386, 387, 388, 389, 390, 391, 392, 393, 394, 395, 396, 397, 398, 399]

2024-07-02 11:08:18,388 - INFO - Start to get traces...
2024-07-02 11:08:19,836 - INFO - indices shape: torch.Size([468084223])
2024-07-02 11:08:19,836 - INFO - Offsets shape:, torch.Size([56098817])
2024-07-02 11:08:19,836 - INFO - Lengths shape:, torch.Size([856, 65536])

2024-07-02 11:08:19,836 - INFO - Table ID scope (551, 601): [550, 551, 552, 553, 554, 555, 556, 557, 558, 559, 560, 561, 562, 563, 564, 565, 566, 567, 568, 569, 570, 571, 572, 573, 574, 575, 576, 577, 578, 579, 580, 581, 582, 583, 584, 585, 586, 587, 588, 589, 590, 591, 592, 593, 594, 595, 596, 597, 598, 599, 600]

2024-07-02 11:09:02,705 - INFO - Skiped Table ID in the given scope (551, 601): [566, 567, 577, 600]
2024-07-02 11:09:02,705 - INFO - Trace shape: torch.Size([3591697, 2])
2024-07-02 11:09:06,038 - INFO - Finished! Time cost: 0.79 min

2024-07-02 11:11:36,887 - INFO - Start to get traces...
2024-07-02 11:11:38,272 - INFO - indices shape: torch.Size([468084223])
2024-07-02 11:11:38,272 - INFO - Offsets shape:, torch.Size([56098817])
2024-07-02 11:11:38,272 - INFO - Lengths shape:, torch.Size([856, 65536])

2024-07-02 11:11:38,273 - INFO - Table ID scope (551, 571): [550, 551, 552, 553, 554, 555, 556, 557, 558, 559, 560, 561, 562, 563, 564, 565, 566, 567, 568, 569, 570]

2024-07-02 11:11:52,824 - INFO - Skiped Table ID in the given scope (551, 571): [566, 567]
2024-07-02 11:11:52,825 - INFO - Trace shape: torch.Size([1245184, 2])
2024-07-02 11:11:54,189 - INFO - Finished! Time cost: 0.29 min

2024-07-02 11:28:05,223 - INFO - Start to get traces...
2024-07-02 11:28:06,586 - INFO - indices shape: torch.Size([468084223])
2024-07-02 11:28:06,586 - INFO - Offsets shape:, torch.Size([56098817])
2024-07-02 11:28:06,586 - INFO - Lengths shape:, torch.Size([856, 65536])

2024-07-02 11:28:06,586 - INFO - Table ID scope (521, 555): [520, 521, 522, 523, 524, 525, 526, 527, 528, 529, 530, 531, 532, 533, 534, 535, 536, 537, 538, 539, 540, 541, 542, 543, 544, 545, 546, 547, 548, 549, 550, 551, 552, 553, 554]

2024-07-02 11:28:28,850 - INFO - Skiped Table ID in the given scope (521, 555): [522, 523, 524, 525, 526, 527, 528, 529, 530, 531, 532, 542, 543, 544, 545, 546, 547, 548]
2024-07-02 11:28:28,850 - INFO - Trace shape: torch.Size([1853352, 2])
2024-07-02 11:28:30,861 - INFO - Finished! Time cost: 0.43 min

2024-07-02 11:33:27,635 - INFO - Start to get traces...
2024-07-02 11:33:29,117 - INFO - indices shape: torch.Size([468084223])
2024-07-02 11:33:29,117 - INFO - Offsets shape:, torch.Size([56098817])
2024-07-02 11:33:29,117 - INFO - Lengths shape:, torch.Size([856, 65536])

2024-07-02 11:33:29,117 - INFO - Table ID scope (150, 185): [149, 150, 151, 152, 153, 154, 155, 156, 157, 158, 159, 160, 161, 162, 163, 164, 165, 166, 167, 168, 169, 170, 171, 172, 173, 174, 175, 176, 177, 178, 179, 180, 181, 182, 183, 184]

2024-07-02 11:40:26,065 - INFO - Skiped Table ID in the given scope (150, 185): [150, 152, 156, 158, 159, 169, 176, 177, 178, 179, 180, 182]
2024-07-02 11:40:26,066 - INFO - Trace shape: torch.Size([36363694, 2])
2024-07-02 11:40:55,677 - INFO - Finished! Time cost: 7.47 min

2024-07-02 11:49:08,577 - INFO - Start to get traces...
2024-07-02 11:49:10,036 - INFO - indices shape: torch.Size([468084223])
2024-07-02 11:49:10,037 - INFO - Offsets shape:, torch.Size([56098817])
2024-07-02 11:49:10,037 - INFO - Lengths shape:, torch.Size([856, 65536])

2024-07-02 11:49:10,037 - INFO - Table ID scope (651, 684): [650, 651, 652, 653, 654, 655, 656, 657, 658, 659, 660, 661, 662, 663, 664, 665, 666, 667, 668, 669, 670, 671, 672, 673, 674, 675, 676, 677, 678, 679, 680, 681, 682, 683]

2024-07-02 11:49:33,800 - INFO - Skiped Table ID in the given scope (651, 684): []
2024-07-02 11:49:33,800 - INFO - Trace shape: torch.Size([2163417, 2])
2024-07-02 11:49:35,759 - INFO - Finished! Time cost: 0.45 min

2024-07-02 11:51:22,909 - INFO - Start to get traces...
2024-07-02 11:51:24,460 - INFO - indices shape: torch.Size([468084223])
2024-07-02 11:51:24,460 - INFO - Offsets shape:, torch.Size([56098817])
2024-07-02 11:51:24,460 - INFO - Lengths shape:, torch.Size([856, 65536])

2024-07-02 11:51:24,460 - INFO - Table ID scope (601, 701): [600, 601, 602, 603, 604, 605, 606, 607, 608, 609, 610, 611, 612, 613, 614, 615, 616, 617, 618, 619, 620, 621, 622, 623, 624, 625, 626, 627, 628, 629, 630, 631, 632, 633, 634, 635, 636, 637, 638, 639, 640, 641, 642, 643, 644, 645, 646, 647, 648, 649, 650, 651, 652, 653, 654, 655, 656, 657, 658, 659, 660, 661, 662, 663, 664, 665, 666, 667, 668, 669, 670, 671, 672, 673, 674, 675, 676, 677, 678, 679, 680, 681, 682, 683, 684, 685, 686, 687, 688, 689, 690, 691, 692, 693, 694, 695, 696, 697, 698, 699, 700]

2024-07-02 12:04:39,991 - INFO - Skiped Table ID in the given scope (601, 701): [600, 601, 602, 604, 610, 615, 616, 624, 625, 627, 644, 645, 646, 647, 688, 690, 691, 692, 694, 695, 697, 700]
2024-07-02 12:04:39,992 - INFO - Trace shape: torch.Size([63580424, 2])
2024-07-02 12:05:46,122 - INFO - Finished! Time cost: 14.39 min

2024-07-02 12:15:24,029 - INFO - Start to get traces...
2024-07-02 12:15:25,394 - INFO - indices shape: torch.Size([468084223])
2024-07-02 12:15:25,394 - INFO - Offsets shape:, torch.Size([56098817])
2024-07-02 12:15:25,394 - INFO - Lengths shape:, torch.Size([856, 65536])

2024-07-02 12:15:25,466 - INFO - Table ID scope (811, 826): [810, 811, 812, 813, 814, 815, 816, 817, 818, 819, 820, 821, 822, 823, 824, 825]

2024-07-02 12:15:54,375 - INFO - Skiped Table ID in the given scope (811, 826): [813, 814, 821, 822, 824]
2024-07-02 12:15:54,376 - INFO - Trace shape: torch.Size([2238291, 2])
2024-07-02 12:15:57,110 - INFO - Finished! Time cost: 0.55 min

